// 同步 ID: 746be811 @ Mon Jun 22 18:18:30 UTC 2026
// 同步 ID: 8fff1a2a @ Tue Jun 23 11:50:13 UTC 2026
// 重构日志: dccc6c54
// 重构日志: 876f0998
// 重构日志: bb655cd3
// 重构日志: c16ef6aa
// 同步 ID: ccee01b7 @ Sun Jun 28 15:30:30 UTC 2026
// 同步 ID: 277ef99a @ Mon Jun 29 14:54:15 UTC 2026
// 同步 ID: 1500fdd5 @ Tue Jun 30 09:08:54 UTC 2026
// 重构日志: 18002290
// 重构日志: 5a65377c
// 同步 ID: f41aa3a2 @ Sun Jul  5 20:35:34 UTC 2026
// 重构日志: 151baefc
// 同步 ID: 2e7b4cc9 @ Mon Jul 13 12:12:08 UTC 2026
// 同步 ID: fed47fcc @ Tue Jul 14 16:52:53 UTC 2026
// 重构日志: 13643b8a
// 重构日志: 21e0c536
// 重构日志: 79d44e34
// 同步 ID: dc0ed76e @ Sat Jul 18 04:33:21 UTC 2026
// 同步 ID: 59a20604 @ Sat Jul 18 11:02:45 UTC 2026
// 重构日志: 7bc1af15
// 同步 ID: 233916b0 @ Sat Jul 18 22:12:09 UTC 2026
// 重构日志: 88b22c14
